[shirali238.wixsite.com/deborah-chehebar.html]
[static.parastorage.com/unpkg/core-js-bundle@3.2.1/minified.js]
[static.parastorage.com/unpkg/focus-within-polyfill@5.0.9/dist/focus-within-polyfill.js]
[backblue.gif]
[fade.gif]
[index.html]
[polyfill.io/v3/polyfill.mind82c.js]
[shirali238.wixsite.com/deborah-chehebar/decodeURIComponent(e]
[browser.sentry-cdn.com/5.21.4/bundle.min.js]
[shirali238.wixsite.com/deborah-chehebar/https_]
[shirali238.wixsite.com/deborah-chehebar/robots.txt]
[shirali238.wixsite.com/deborah-chehebar/sitemap.xml]
[shirali238.wixsite.com/deborah-chehebar/feed.xml]
[static.parastorage.com/services/wix-thunderbolt/dist/bootstrap-features.0bd0c32e.chunk.min.js]
[static.parastorage.com/services/wix-thunderbolt/dist/main.3dad4e2c.chunk.min.js]
[static.parastorage.com/unpkg/lodash@4.17.15/lodash.min.js]
[static.parastorage.com/unpkg/react@16.13.1/umd/react.production.min.js]
[static.parastorage.com/services/wix-thunderbolt/dist/wix-code-sdk-providers.7136b780.chunk.min.js]
[static.parastorage.com/services/wix-thunderbolt/dist/page-features.895c5988.chunk.min.js]
[static.parastorage.com/services/wix-thunderbolt/dist/ooi.36d8b741.chunk.min.js]
[static.parastorage.com/services/wix-thunderbolt/dist/siteMembers.143fa6fe.chunk.min.js]
[static.parastorage.com/services/wix-thunderbolt/dist/tpaCommons.13547420.chunk.min.js]
[static.parastorage.com/services/wix-thunderbolt/dist/windowMessageRegistrar.4431b9b7.chunk.min.js]
[static.parastorage.com/services/wix-thunderbolt/dist/platform.6f5679de.chunk.min.js]
[static.parastorage.com/services/editor-elements/dist/componentSdks.a23133ff.bundle.min.js]
[static.parastorage.com/services/tag-manager-client/1.282.0/siteTags.bundle.min.js]
[shirali238.wixsite.com/index.html]
[static.parastorage.com/services/editor-elements/dist/thunderboltElements.1a3d92ae.bundle.min.js]
[static.parastorage.com/services/wix-perf-measure/1.451.0/wix-perf-measure.bundle.min.js]
[shirali238.wixsite.com/deborah-chehebar/version/index.html]
[static.parastorage.com/unpkg/react-dom@16.13.1/umd/react-dom.production.min.js]
[static.parastorage.com/services/wix-thunderbolt/dist/activePopup.25745e41.chunk.min.js]
[static.parastorage.com/services/wix-thunderbolt/dist/ooiTpaSharedConfig.f50605f7.chunk.min.js]
[static.parastorage.com/services/wix-thunderbolt/dist/platformPubsub.2a459712.chunk.min.js]
[static.parastorage.com/services/wix-thunderbolt/dist/protectedPages.ae6c779b.chunk.min.js]
[static.parastorage.com/services/wix-thunderbolt/dist/tpa.ab45b7f0.chunk.min.js]
[static.parastorage.com/services/wix-thunderbolt/dist/imageZoom.37051d70.chunk.min.js]
[static.parastorage.com/services/wix-thunderbolt/dist/pageAnchors.d496451c.chunk.min.js]
[static.parastorage.com/services/wix-thunderbolt/dist/pageTransitions.255994d2.chunk.min.js]
[static.parastorage.com/services/editor-elements/dist/bootstrap-components-classic.b262b9e7.chunk.min.js]
[static.parastorage.com/services/editor-elements/dist/bootstrap-components-responsive.8377e7ba.chunk.min.js]
[static.parastorage.com/services/editor-elements/dist/FreemiumBannerDesktop.ddde2984.chunk.min.js]
[static.parastorage.com/services/editor-elements/dist/VerticalLine_ClassicVerticalSolidLine.c3357656.chunk.min.js]
[static.parastorage.com/services/wix-thunderbolt/dist/tpa-components.a76d11d6.chunk.min.js]
[static.parastorage.com/services/wix-thunderbolt/dist/animations-vendors.376ca3e4.chunk.min.js]
[static.parastorage.com/services/editor-elements/dist/bootstrap-components-common.e8af627d.chunk.min.js]
[static.wixstatic.com/media/720913_51713591886a4cbaa11b00923701858e_mv2.jpg/v1/fill/w_216,h_205,al_c,q_80,usm_0.66_1.00_0.01,blur_2/720913_51713591886a4cbaa11b00923701858e_mv2.jpg]
[static.wixstatic.com/media/720913_874762b988ce498493de6c439ab16e41_mv2.jpg/v1/fill/w_205,h_32,al_c,q_80,usm_0.66_1.00_0.01,blur_2/adobe-spark-post-4_edited_edited.jpg]
[static.parastorage.com/services/pro-gallery-santa-wrapper/1.1568.0/staticCss.min.css]
[static.wixstatic.com/media/720913_da5764dfe8d940d68ee263333dab3a67_mv2.jpg/v1/fill/w_423,h_566,q_85/720913_da5764dfe8d940d68ee263333dab3a67_mv2.jpg]
[static.wixstatic.com/media/720913_869c1b8bfce34da1a9b21444a7ecea39_mv2.jpg/v1/fill/w_425,h_566,q_85/720913_869c1b8bfce34da1a9b21444a7ecea39_mv2.jpg]
[static.wixstatic.com/media/720913_2c991a0b3f694b3390f7f65180046da0_mv2.jpg/v1/fill/w_266,h_301,q_85/720913_2c991a0b3f694b3390f7f65180046da0_mv2.jpg]
[static.wixstatic.com/media/720913_76b51ae5692e4547aae76d21b7ce8f0d_mv2.jpg/v1/fill/w_121,h_301,q_85/720913_76b51ae5692e4547aae76d21b7ce8f0d_mv2.jpg]
[static.wixstatic.com/media/720913_985910320a0c4ce08ab3133b69f01237_mv2.jpg/v1/fill/w_395,h_296,q_85/720913_985910320a0c4ce08ab3133b69f01237_mv2.jpg]
[static.wixstatic.com/media/720913_27dfa40f0de040259b54ca18fe4a7eb5_mv2.jpg/v1/fill/w_454,h_605,q_85/720913_27dfa40f0de040259b54ca18fe4a7eb5_mv2.jpg]
[static.wixstatic.com/media/720913_c3e6e39b75e94f818db83d7064d863d3_mv2.png/v1/fill/w_180,h_30,al_c,usm_0.66_1.00_0.01,blur_2/adobe-spark-post-2_edited_edited.png]
[static.wixstatic.com/media/720913_f1c2522da5ed4e0e86877a44808023c7_mv2.jpg/v1/fill/w_768,h_835,q_85/720913_f1c2522da5ed4e0e86877a44808023c7_mv2.jpg]
[static.wixstatic.com/media/720913_d7fc415d30b244279d524b19011c2e79_mv2.jpg/v1/fill/w_413,h_414,q_85/720913_d7fc415d30b244279d524b19011c2e79_mv2.jpg]
[static.wixstatic.com/media/720913_6ca0010922bb482494ac682ffaad96ac_mv2.jpg/v1/fill/w_414,h_414,q_85/720913_6ca0010922bb482494ac682ffaad96ac_mv2.jpg]
[static.wixstatic.com/media/720913_349eeed7a9e04ea08e354be7eb9caea3_mv2.jpg/v1/fill/w_835,h_835,q_85/720913_349eeed7a9e04ea08e354be7eb9caea3_mv2.jpg]
[static.wixstatic.com/media/720913_72e625415a814af691b4258d7bcff376_mv2.jpg/v1/fill/w_413,h_414,q_85/720913_72e625415a814af691b4258d7bcff376_mv2.jpg]
[static.wixstatic.com/media/720913_66ab6596865a44d7a1186989b4183945_mv2.jpg/v1/fill/w_320,h_402,q_85/720913_66ab6596865a44d7a1186989b4183945_mv2.jpg]
[static.wixstatic.com/media/720913_39191ef4a5cb4e26ba6124c26f7c760e_mv2.jpg/v1/fill/w_835,h_835,q_85/720913_39191ef4a5cb4e26ba6124c26f7c760e_mv2.jpg]
[static.wixstatic.com/media/720913_88b438489561407db7a533a3bc44a8fa_mv2.jpg/v1/fill/w_238,h_32,al_c,q_80,usm_0.66_1.00_0.01,blur_2/adobe-spark-post_edited_edited.jpg]
[static.wixstatic.com/media/720913_d19d64f224124c58b1df96a59b9f3094_mv2.jpg/v1/fill/w_424,h_565,q_85/720913_d19d64f224124c58b1df96a59b9f3094_mv2.jpg]
[static.wixstatic.com/media/720913_7244c279be8d4c90ac676d35d4f66f50_mv2.jpg/v1/fill/w_424,h_565,q_85/720913_7244c279be8d4c90ac676d35d4f66f50_mv2.jpg]
[static.wixstatic.com/media/720913_edfd763533e94f8eaf98b546d926a2e3_mv2.jpg/v1/fill/w_417,h_550,q_85/720913_edfd763533e94f8eaf98b546d926a2e3_mv2.jpg]
[static.wixstatic.com/media/720913_26c22f72fdcb4dfcbe7c12de613477d9_mv2.jpg/v1/fill/w_320,h_408,q_85/720913_26c22f72fdcb4dfcbe7c12de613477d9_mv2.jpg]
[static.wixstatic.com/media/720913_61366412e7314553abd82eaac51f7c0f_mv2.jpg/v1/fill/w_468,h_624,q_85/720913_61366412e7314553abd82eaac51f7c0f_mv2.jpg]
[static.wixstatic.com/media/720913_0527ca68cc1c43f0afc896013654cc4c_mv2.jpg/v1/fill/w_380,h_624,q_85/720913_0527ca68cc1c43f0afc896013654cc4c_mv2.jpg]
[static.wixstatic.com/media/720913_a05afaa8aad54eba8d70c37bbd7c4f84_mv2.jpg/v1/fill/w_240,h_37,al_c,q_80,usm_0.66_1.00_0.01,blur_2/image1_edited.jpg]
[static.wixstatic.com/media/720913_a575b3eb8a4349adbf4ef69514422623_mv2.jpg/v1/fill/w_385,h_514,q_85/720913_a575b3eb8a4349adbf4ef69514422623_mv2.jpg]
[static.wixstatic.com/media/720913_de6492b944f04450805b22d72ab30f1e_mv2.jpg/v1/fill/w_463,h_514,q_85/720913_de6492b944f04450805b22d72ab30f1e_mv2.jpg]
[static.wixstatic.com/media/720913_1e7c6d6020d846a79f6905233feb410f_mv2.jpg/v1/fill/w_856,h_642,q_85/720913_1e7c6d6020d846a79f6905233feb410f_mv2.jpg]
[static.wixstatic.com/media/720913_99d2fae37f734ecdafd034ae82385693_mv2.jpg/v1/fill/w_424,h_565,q_85/720913_99d2fae37f734ecdafd034ae82385693_mv2.jpg]
[static.wixstatic.com/media/720913_f2e05a03fd6c46a9848e4c1a312b6657_mv2.jpg/v1/fill/w_424,h_565,q_85/720913_f2e05a03fd6c46a9848e4c1a312b6657_mv2.jpg]
[static.wixstatic.com/media/720913_6c85e593b0924c2d811ff27ea7695a6e_mv2.jpg/v1/fill/w_305,h_407,q_85/720913_6c85e593b0924c2d811ff27ea7695a6e_mv2.jpg]
[static.wixstatic.com/media/720913_95f72963cef44c16a58e4f3431363ee3_mv2.jpg/v1/fill/w_543,h_407,q_85/720913_95f72963cef44c16a58e4f3431363ee3_mv2.jpg]
[static.wixstatic.com/media/720913_747d0e0940ab4d3c8de72457de01b06f_mv2.jpg/v1/fill/w_239,h_45,al_c,q_80,usm_0.66_1.00_0.01,blur_2/adobe-spark-post-7_edited.jpg]
[static.wixstatic.com/media/720913_0361e6e7209641abbe770922731848f8_mv2.jpg/v1/fill/w_199,h_199,q_85/720913_0361e6e7209641abbe770922731848f8_mv2.jpg]
[static.wixstatic.com/media/720913_d2f29b95bf6d42d689c5b7bc508293b3_mv2.jpg/v1/fill/w_199,h_199,q_85/720913_d2f29b95bf6d42d689c5b7bc508293b3_mv2.jpg]
[static.wixstatic.com/media/720913_1e8e9c23d896425b9f08661930b127eb_mv2.jpeg/v1/fill/w_418,h_418,q_85/720913_1e8e9c23d896425b9f08661930b127eb_mv2.jpg]
[static.wixstatic.com/media/720913_e6762c9c7c154bdc94aa50ad0c54044f_mv2.jpg/v1/fill/w_199,h_199,q_85/720913_e6762c9c7c154bdc94aa50ad0c54044f_mv2.jpg]
[static.wixstatic.com/media/720913_8cdc563c33624947bcbf3fad1ee882dc_mv2.png/v1/fill/w_199,h_199,q_85/720913_8cdc563c33624947bcbf3fad1ee882dc_mv2.png]
[static.wixstatic.com/media/720913_98d93002b26540829337251fc2e575f3_mv2.jpg/v1/fill/w_856,h_856,q_85/720913_98d93002b26540829337251fc2e575f3_mv2.jpg]
[static.wixstatic.com/media/720913_f21d19f3943e411aa181fafd5423a27d_mv2.jpg/v1/fill/w_856,h_768,q_85/720913_f21d19f3943e411aa181fafd5423a27d_mv2.jpg]
[static.wixstatic.com/media/720913_0041c5233a5b4ffeaf9726fbbe2e5edb_mv2.png/v1/fill/w_180,h_48,al_c,usm_0.66_1.00_0.01,blur_2/adobe-spark-post-8_edited.png]
[static.wixstatic.com/media/720913_0a1464f55639400da58094458fb56967_mv2.jpg/v1/fill/w_449,h_325,q_85/720913_0a1464f55639400da58094458fb56967_mv2.jpg]
[static.wixstatic.com/media/720913_82e0bb31b60542e1b3b07b1c6d70e92f_mv2.jpg/v1/fill/w_300,h_401,q_85/720913_82e0bb31b60542e1b3b07b1c6d70e92f_mv2.jpg]
[static.wixstatic.com/media/720913_fbfc14ffc8f84466a93a66ee2de40282_mv2.jpg/v1/fill/w_548,h_401,q_85/720913_fbfc14ffc8f84466a93a66ee2de40282_mv2.jpg]
[static.wixstatic.com/media/720913_d109a2f8dde34203b81ff0ab02378df8_mv2.jpg/v1/fill/w_321,h_421,q_85/720913_d109a2f8dde34203b81ff0ab02378df8_mv2.jpg]
[shirali238.wixsite.com/deborah-chehebar.html]
[shirali238.wixsite.com/deborah-chehebar/decodeURIComponent(e.html]
[shirali238.wixsite.com/deborah-chehebar/https_.html]
[shirali238.wixsite.com/deborah-chehebar/robots.html]
[shirali238.wixsite.com/deborah-chehebar/sitemap.html]
[shirali238.wixsite.com/deborah-chehebar/feed.html]
[shirali238.wixsite.com/index.html]
[shirali238.wixsite.com/deborah-chehebar/version/index.html]
[static.parastorage.com/services/pro-gallery-santa-wrapper/1.1568.0/staticCss.min.css]
